<?xml version="1.0" encoding="UTF-8"?>
<testng-results ignored="0" total="2" passed="2" failed="0" skipped="0">
  <reporter-output>
  </reporter-output>
  <suite started-at="2022-08-24T13:17:29 IST" name="Suite" finished-at="2022-08-24T13:18:32 IST" duration-ms="62094">
    <groups>
      <group name="smoke">
        <method signature="LoginTest.verifyLogin()[pri:2, instance:test.LoginTest@4738a206]" name="verifyLogin" class="test.LoginTest"/>
      </group> <!-- smoke -->
    </groups>
    <test started-at="2022-08-24T13:17:29 IST" name="Test" finished-at="2022-08-24T13:18:32 IST" duration-ms="62094">
      <class name="test.LoginTest">
        <test-method is-config="true" signature="launchBrowser()[pri:0, instance:test.LoginTest@4738a206]" started-at="2022-08-24T13:17:30 IST" name="launchBrowser" finished-at="2022-08-24T13:17:57 IST" duration-ms="27159" status="PASS">
          <reporter-output>
          </reporter-output>
        </test-method> <!-- launchBrowser -->
        <test-method is-config="true" signature="pageObjects()[pri:0, instance:test.LoginTest@4738a206]" started-at="2022-08-24T13:17:57 IST" name="pageObjects" finished-at="2022-08-24T13:17:57 IST" duration-ms="158" status="PASS">
          <reporter-output>
          </reporter-output>
        </test-method> <!-- pageObjects -->
        <test-method signature="verifyLogin()[pri:2, instance:test.LoginTest@4738a206]" started-at="2022-08-24T13:17:57 IST" name="verifyLogin" finished-at="2022-08-24T13:18:05 IST" duration-ms="7888" status="PASS">
          <reporter-output>
          </reporter-output>
        </test-method> <!-- verifyLogin -->
        <test-method is-config="true" signature="teardown()[pri:0, instance:test.LoginTest@4738a206]" started-at="2022-08-24T13:18:05 IST" name="teardown" finished-at="2022-08-24T13:18:06 IST" duration-ms="822" status="PASS">
          <reporter-output>
          </reporter-output>
        </test-method> <!-- teardown -->
      </class> <!-- test.LoginTest -->
      <class name="test.PimTest">
        <test-method is-config="true" signature="launchBrowser()[pri:0, instance:test.PimTest@4fb3ee4e]" started-at="2022-08-24T13:18:06 IST" name="launchBrowser" finished-at="2022-08-24T13:18:23 IST" duration-ms="17487" status="PASS">
          <reporter-output>
          </reporter-output>
        </test-method> <!-- launchBrowser -->
        <test-method is-config="true" signature="pageObjects()[pri:0, instance:test.PimTest@4fb3ee4e]" started-at="2022-08-24T13:18:23 IST" name="pageObjects" finished-at="2022-08-24T13:18:23 IST" duration-ms="1" status="PASS">
          <reporter-output>
          </reporter-output>
        </test-method> <!-- pageObjects -->
        <test-method is-config="true" signature="login()[pri:0, instance:test.PimTest@4fb3ee4e]" started-at="2022-08-24T13:18:23 IST" name="login" finished-at="2022-08-24T13:18:25 IST" duration-ms="2351" status="PASS">
          <reporter-output>
          </reporter-output>
        </test-method> <!-- login -->
        <test-method signature="verifyPimPage()[pri:3, instance:test.PimTest@4fb3ee4e]" started-at="2022-08-24T13:18:25 IST" name="verifyPimPage" finished-at="2022-08-24T13:18:31 IST" duration-ms="5376" status="PASS">
          <reporter-output>
          </reporter-output>
        </test-method> <!-- verifyPimPage -->
        <test-method is-config="true" signature="teardown()[pri:0, instance:test.PimTest@4fb3ee4e]" started-at="2022-08-24T13:18:31 IST" name="teardown" finished-at="2022-08-24T13:18:32 IST" duration-ms="745" status="PASS">
          <reporter-output>
          </reporter-output>
        </test-method> <!-- teardown -->
      </class> <!-- test.PimTest -->
    </test> <!-- Test -->
  </suite> <!-- Suite -->
</testng-results>
